  test.cpp
c:\program files (x86)\microsoft visual studio\2017\professional\vc\tools\msvc\14.16.27023\include\thr\xthread(238): error C2672: “std::invoke”: 未找到匹配的重载函数
  c:\program files (x86)\microsoft visual studio\2017\professional\vc\tools\msvc\14.16.27023\include\thr\xthread(246): note: 参见对正在编译的函数 模板 实例化“void std::_LaunchPad<_Target>::_Execute<0,1,2>(std::tuple<void (__cdecl *)(lxy::shared_ptr<Date,DFDef<T>> &,size_t),lxy::shared_ptr<T,DFDef<T>>,int> &,std::integer_sequence<unsigned int,0,1,2>)”的引用
          with
          [
              _Target=std::unique_ptr<std::tuple<void (__cdecl *)(lxy::shared_ptr<Date,DFDef<Date>> &,size_t),lxy::shared_ptr<Date,DFDef<Date>>,int>,std::default_delete<std::tuple<void (__cdecl *)(lxy::shared_ptr<Date,DFDef<Date>> &,size_t),lxy::shared_ptr<Date,DFDef<Date>>,int>>>,
              T=Date
          ]
  c:\program files (x86)\microsoft visual studio\2017\professional\vc\tools\msvc\14.16.27023\include\thr\xthread(245): note: 参见对正在编译的函数 模板 实例化“void std::_LaunchPad<_Target>::_Execute<0,1,2>(std::tuple<void (__cdecl *)(lxy::shared_ptr<Date,DFDef<T>> &,size_t),lxy::shared_ptr<T,DFDef<T>>,int> &,std::integer_sequence<unsigned int,0,1,2>)”的引用
          with
          [
              _Target=std::unique_ptr<std::tuple<void (__cdecl *)(lxy::shared_ptr<Date,DFDef<Date>> &,size_t),lxy::shared_ptr<Date,DFDef<Date>>,int>,std::default_delete<std::tuple<void (__cdecl *)(lxy::shared_ptr<Date,DFDef<Date>> &,size_t),lxy::shared_ptr<Date,DFDef<Date>>,int>>>,
              T=Date
          ]
  c:\program files (x86)\microsoft visual studio\2017\professional\vc\tools\msvc\14.16.27023\include\thr\xthread(242): note: 编译 类 模板 成员函数 "void std::_LaunchPad<_Target>::_Run(std::_LaunchPad<_Target> *) noexcept" 时
          with
          [
              _Target=std::unique_ptr<std::tuple<void (__cdecl *)(lxy::shared_ptr<Date,DFDef<Date>> &,size_t),lxy::shared_ptr<Date,DFDef<Date>>,int>,std::default_delete<std::tuple<void (__cdecl *)(lxy::shared_ptr<Date,DFDef<Date>> &,size_t),lxy::shared_ptr<Date,DFDef<Date>>,int>>>
          ]
  c:\program files (x86)\microsoft visual studio\2017\professional\vc\tools\msvc\14.16.27023\include\thr\xthread(230): note: 参见对正在编译的函数 模板 实例化“void std::_LaunchPad<_Target>::_Run(std::_LaunchPad<_Target> *) noexcept”的引用
          with
          [
              _Target=std::unique_ptr<std::tuple<void (__cdecl *)(lxy::shared_ptr<Date,DFDef<Date>> &,size_t),lxy::shared_ptr<Date,DFDef<Date>>,int>,std::default_delete<std::tuple<void (__cdecl *)(lxy::shared_ptr<Date,DFDef<Date>> &,size_t),lxy::shared_ptr<Date,DFDef<Date>>,int>>>
          ]
  c:\program files (x86)\microsoft visual studio\2017\professional\vc\tools\msvc\14.16.27023\include\thr\xthread(257): note: 参见对正在编译的 类 模板 实例化 "std::_LaunchPad<_Target>" 的引用
          with
          [
              _Target=std::unique_ptr<std::tuple<void (__cdecl *)(lxy::shared_ptr<Date,DFDef<Date>> &,size_t),lxy::shared_ptr<Date,DFDef<Date>>,int>,std::default_delete<std::tuple<void (__cdecl *)(lxy::shared_ptr<Date,DFDef<Date>> &,size_t),lxy::shared_ptr<Date,DFDef<Date>>,int>>>
          ]
  c:\program files (x86)\microsoft visual studio\2017\professional\vc\tools\msvc\14.16.27023\include\thread(46): note: 参见对正在编译的函数 模板 实例化“void std::_Launch<std::unique_ptr<std::tuple<void (__cdecl *)(lxy::shared_ptr<Date,DFDef<T>> &,size_t),lxy::shared_ptr<T,DFDef<T>>,int>,std::default_delete<_Ty>>>(_Thrd_t *,_Target &&)”的引用
          with
          [
              T=Date,
              _Ty=std::tuple<void (__cdecl *)(lxy::shared_ptr<Date,DFDef<Date>> &,size_t),lxy::shared_ptr<Date,DFDef<Date>>,int>,
              _Target=std::unique_ptr<std::tuple<void (__cdecl *)(lxy::shared_ptr<Date,DFDef<Date>> &,size_t),lxy::shared_ptr<Date,DFDef<Date>>,int>,std::default_delete<std::tuple<void (__cdecl *)(lxy::shared_ptr<Date,DFDef<Date>> &,size_t),lxy::shared_ptr<Date,DFDef<Date>>,int>>>
          ]
  \\vmware-host\shared folders\桌面\git_code\c-\raii2\raii2\test.cpp(287): note: 参见对正在编译的函数 模板 实例化“std::thread::thread<void(__cdecl &)(lxy::shared_ptr<Date,DFDef<T>> &,size_t),lxy::shared_ptr<T,DFDef<T>>&,int,void>(_Fn,lxy::shared_ptr<T,DFDef<T>> &,int &&)”的引用
          with
          [
              T=Date,
              _Fn=void (__cdecl &)(lxy::shared_ptr<Date,DFDef<Date>> &,size_t)
          ]
c:\program files (x86)\microsoft visual studio\2017\professional\vc\tools\msvc\14.16.27023\include\thr\xthread(237): error C2893: 未能使函数模板“unknown-type std::invoke(_Callable &&,_Types &&...) noexcept(<expr>)”专用化
  c:\program files (x86)\microsoft visual studio\2017\professional\vc\tools\msvc\14.16.27023\include\thr\xthread(237): note: 用下列模板参数:
  c:\program files (x86)\microsoft visual studio\2017\professional\vc\tools\msvc\14.16.27023\include\thr\xthread(237): note: “_Callable=void (__cdecl *)(lxy::shared_ptr<Date,DFDef<T>> &,size_t)”
  c:\program files (x86)\microsoft visual studio\2017\professional\vc\tools\msvc\14.16.27023\include\thr\xthread(237): note: “_Types={lxy::shared_ptr<Date,DFDef<T>>, int}”
