生成启动时间为 2019/10/11 18:14:52。
项目“\\vmware-host\shared folders\文稿\visual studio 2013\Projects\STL_my_vector\STL_my_vector\STL_my_vector.vcxproj”在节点 2 上(Build 个目标)。
ClCompile:
  C:\vs2013\VC\bin\CL.exe /c /ZI /nologo /W3 /WX- /sdl /Od /Oy- /D _MBCS /Gm /EHsc /RTC1 /MDd /GS /fp:precise /Zc:wchar_t /Zc:forScope /Fo"Debug\\" /Fd"Debug\vc120.pdb" /Gd /TP /analyze- /errorReport:prompt test.cpp
  test.cpp
\\vmware-host\shared folders\文稿\visual studio 2013\projects\stl_my_vector\stl_my_vector\test.cpp(29): warning C4018: “<”: 有符号/无符号不匹配
          \\vmware-host\shared folders\文稿\visual studio 2013\projects\stl_my_vector\stl_my_vector\test.cpp(26): 编译类 模板 成员函数“lxy::vector<int>::vector(int,const T &)”时
          with
          [
              T=int
          ]
          \\vmware-host\shared folders\文稿\visual studio 2013\projects\stl_my_vector\stl_my_vector\test.cpp(273): 参见对正在编译的函数 模板 实例化“lxy::vector<int>::vector(int,const T &)”的引用
          with
          [
              T=int
          ]
          \\vmware-host\shared folders\文稿\visual studio 2013\projects\stl_my_vector\stl_my_vector\test.cpp(272): 参见对正在编译的类 模板 实例化“lxy::vector<int>”的引用
Link:
  C:\vs2013\VC\bin\link.exe /ERRORREPORT:PROMPT /OUT:"\\vmware-host\shared folders\文稿\visual studio 2013\Projects\STL_my_vector\Debug\STL_my_vector.exe" /INCREMENTAL /NOLOGO kernel32.lib user32.lib gdi32.lib winspool.lib comdlg32.lib advapi32.lib shell32.lib ole32.lib oleaut32.lib uuid.lib odbc32.lib odbccp32.lib /MANIFEST /MANIFESTUAC:"level='asInvoker' uiAccess='false'" /manifest:embed /DEBUG /PDB:"\\vmware-host\shared folders\文稿\visual studio 2013\Projects\STL_my_vector\Debug\STL_my_vector.pdb" /TLBID:1 /DYNAMICBASE /NXCOMPAT /IMPLIB:"\\vmware-host\shared folders\文稿\visual studio 2013\Projects\STL_my_vector\Debug\STL_my_vector.lib" /MACHINE:X86 Debug\test.obj
  STL_my_vector.vcxproj -> \\vmware-host\shared folders\文稿\visual studio 2013\Projects\STL_my_vector\Debug\STL_my_vector.exe
已完成生成项目“\\vmware-host\shared folders\文稿\visual studio 2013\Projects\STL_my_vector\STL_my_vector\STL_my_vector.vcxproj”(Build 个目标)的操作。

生成成功。

已用时间 00:00:02.23
